1553064803105	mozrunner::runner	INFO	Running command: "C:\\Program Files\\Mozilla Firefox\\firefox.exe" "-marionette" "-foreground" "-no-remote" "-profile" "C:\\Users\\wyl\\AppData\\Local\\Temp\\rust_mozprofile.fQ48veRHr0e4"
1553064804120	addons.webextension.screenshots@mozilla.org	WARN	Loading extension 'screenshots@mozilla.org': Reading manifest: Invalid host permission: resource://pdf.js/
1553064804121	addons.webextension.screenshots@mozilla.org	WARN	Loading extension 'screenshots@mozilla.org': Reading manifest: Invalid host permission: about:reader*
[Parent 8616, Gecko_IOThread] WARNING: pipe error: 109: file z:/build/build/src/ipc/chromium/src/chrome/common/ipc_channel_win.cc, line 332
[Child 6524, Chrome_ChildThread] WARNING: pipe error: 109: file z:/build/build/src/ipc/chromium/src/chrome/common/ipc_channel_win.cc, line 332
[Child 6524, Chrome_ChildThread] WARNIN1553064807271	Marionette	INFO	Listening on port 12153
1553064807506	Marionette	WARN	TLS certificate errors will be ignored for this session

###!!! [Child][RunMessage] Error: Channel closing: too late to send/recv, messages will be lost


###!!! [Child][RunMessage] Error: Channel closing: too late to send/recv, messages will be lost


###!!! [Child][RunMessage] Error: Channel closing: too late to send/recv, messages will be lost


###!!! [Child][RunMessage] Error: Channel closing: too late to send/recv, messages will be lost


###!!! [Child][RunMessage] Error: Channel closing: too late to send/recv, messages will be lost


###!!! [Child][RunMessage] Error: Channel closing: too late to send/recv, messages will be lost

[Parent 8616, Gecko_IOThread] WARNING: pipe error: 109: file z:/build/build/src/ipc/chromium/src/chrome/common/ipc_channel_win.cc, line 332
[Child 5924, Chrome_ChildThread] WARNING: pipe error: 109: file z:/build/build/src/ipc/chromium/src/chrome/common/ipc_channel_win.cc, line 332
[Child 5921553064818026	Marionette	INFO	Stopped listening on port 12153

###!!! [Child][RunMessage] Error: Channel closing: too late to send/recv, messages will be lost

[GPU 193r 500 ms: stacktrace:
bail@chrome://marionette/content/sync.js:196:64
1553064526362	Marionette	WARN	TimedPromise timed out after 500 ms: stacktrace:
bail@chrome://marionette/content/sync.js:196:64
1553064534974	Marionette	WARN	TimedPromise timed out after 500 ms: stacktrace:
bail@chrome://marionette/content/sync.js:196:64
1553064798120	Marionette	INFO	Stopped listening on port 11377
[Child 4352, Chrome_ChildThread] WARNING: pipe error: 109: file z:/build/build/src/ipc/chromium/src/chrome/common/ipc_channel_win.cc, line 332
[Child 4352, Chrome_[Parent 5624, Gecko_IOThread] WARNING: pipe error: 109: file z:/build/build/src/ipc/chromium/src/chrome/common/ipc_channel_win.cc, line 332
[Child 6184, Chrome_ChildThread] WARNING: pipe error: 109: file z:/build/build/src/ipc/chromium/src/chrome/common/ipc_channel_win.cc, line 332
[Child 6184, Chrome_ChildThread] WARNING: pipe error: 109: file z:/build/build/src/ipc/chromium/src/chrome/common/ipc_chann[Parent 5624, Gecko_IOThread] WARNING: pipe error: 109: file z:/build/build/src/ipc/chromium/src/chrome/common/ipc_channel_win.cc, line 332
[Child 12772, Chrome_ChildThread] WARNING: pipe error: 109: file z:/build/build/src/ipc/chromium/src/chrome/common/ipc_channel_win.cc, line 332
[Child 12772, Chrome_
###!!! [Child][RunMessage] Error: Channel closing: too late to send/recv, messages will be lost

[GPU 110
###!!! [Child][MessageChannel::SendAndWait] Error: Channel error: cannot send/recv

tplaceID=ATVPDKIKX0DER&passthrough%2FrootMarketplaceID=&passthrough%2FsimplifiedLogin=&passthrough%2FsuperSource=OAR&productTier=FBA%3ASILVER&productType=FulfillmentByAmazon%3ASellOnAmazon&ref_=asus_soa_ben_h_rp&redirectAP=1&, line 285: ReferenceError: registerFragment is not defined
1553046995899	Marionette	INFO	Stopped listening on port 1450
[Child 2020, Chrome_ChildThread] WARNING: pipe error: 109: file z:/build/build/src/ipc/chromium/src/chrome/common/ipc_channel_win.cc, line 332
[Child 2020, Chrome_ChildThread] WARNING: pipe error: 1[Parent 12684, Gecko_IOThread] WARNING: pipe error: 109: file z:/build/build/src/ipc/chromium/src/chrome/common/ipc_channel_win.cc, line 332
[Child 5344, Chrome_ChildThread] WARNING: pipe error: 109: file z:/build/build/src/ipc/chromium/src/chrome/common/ipc_channel_win.cc, line 332
[Child 5344, Chrome_ChildThread] WARNING: pipe erro[Parent 12684, Gecko_IOThread] WARNING: pipe error: 109: file z:/build/build/src/ipc/chromium/src/chrome/common/ipc_channel_win.cc, line 332
[GPU 11084
###!!! [Child][RunMessage] Error: Channel closing: too late to send/recv, messages will be lost


###!!! [Child][MessageChannel::SendAndWait] Error: Channel error: cannot send/recv

1553057627574	geckodriver	INFO	geckodriver 0.19.1
1553057627589	geckodriver	INFO	Listening on 127.0.0.1:2333
1553057630606	mozrunner::runner	INFO	Running command: "C:\\Program Files\\Mozilla Firefox\\firefox.exe" "-marionette" "-profile" "C:\\Users\\wyl\\AppData\\Local\\Temp\\rust_mozprofile.GbAQNPBgXGxI"
1553057631576	addons.webextension.screenshots@mozilla.org	WARN	Loading extension 'screenshots@mozilla.org': Reading manifest: Invalid host permission: resource://pdf.js/
1553057631576	addons.webextension.screenshots@mozilla.org	WARN	Loading extension 'screenshots@mozilla.org': Reading manifest: Invalid host permission: about:reader*
1553057631716	Marionette	TRACE	Received observer notification profile-after-change
1553057632001	Marionette	TRACE	Received observer notification toplevel-window-ready
1553057632035	Marionette	TRACE	Received observer notification command-line-startup
1553057632035	Marionette	TRACE	Received observer notification nsPref:changed
1553057632035	Marionette	DEBUG	Init aborted (running=false, enabled=true, finalUIStartup=false)
1553057632116	Marionette	TRACE	Received observer notification toplevel-window-ready
[GFX1-]: ClientLayerManager::BeginTransaction with IPC channel down. GPU process may have died.
1553057634838	Marionette	TRACE	Received observer notification sessionstore-windows-restored
1553057634839	Marionette	TRACE	Waiting until startup recorder finished recording startup scripts...
1553057635015	Marionette	TRACE	All scripts recorded.
1553057635016	Marionette	DEBUG	Setting recommended pref app.update.disabledForTesting to true
1553057635016	Marionette	DEBUG	Setting recommended pref browser.contentblocking.introCount to 99
1553057635017	Marionette	DEBUG	Setting recommended pref datareporting.policy.dataSubmissionPolicyAccepted to false
1553057635017	Marionette	DEBUG	Setting recommended pref dom.disable_beforeunload to true
1553057635017	Marionette	DEBUG	Setting recommended pref toolkit.cosmeticAnimations.enabled to false
1553057635058	Marionette	INFO	Listening on port 2343
1553057635058	Marionette	DEBUG	Remote service is active
1553057635951	Marionette	DEBUG	Accepted connection 0 from 127.0.0.1:2363
1553057635954	Marionette	DEBUG	0 -> [0,1,"newSession",{"acceptInsecureCerts":true,"browserName":"firefox","capabilities":{"desiredCapabilities":{"acceptInsecureCerts":true,"browserName":"firefox"}}}]
1553057635955	Marionette	DEBUG	0 <- [1,1,{"error":"unknown command","message":"newSession","stacktrace":"WebDriverError@chrome://marionette/content/error.js:179: ... et@chrome://marionette/content/server.js:236:8\n_onJSONObjectReady/<@chrome://marionette/content/transport.js:490:9\n"},null]
Exiting due to channel error.
1553057724704	geckodriver	INFO	geckodriver 0.19.1
1553057724720	geckodriver	INFO	Listening on 127.0.0.1:2459
1553057727744	mozrunner::runner	INFO	Running command: "C:\\Program Files\\Mozilla Firefox\\firefox.exe" "-marionette" "-profile" "C:\\Users\\wyl\\AppData\\Local\\Temp\\rust_mozprofile.Ch86AL99MjEs"
1553057728629	addons.webextension.screenshots@mozilla.org	WARN	Loading extension 'screenshots@mozilla.org': Reading manifest: Invalid host permission: resource://pdf.js/
1553057728629	addons.webextension.screenshots@mozilla.org	WARN	Loading extension 'screenshots@mozilla.org': Reading manifest: Invalid host permission: about:reader*
1553057728762	Marionette	TRACE	Received observer notification profile-after-change
1553057729028	Marionette	TRACE	Received observer notification toplevel-window-ready
1553057729066	Marionette	TRACE	Received observer notification command-line-startup
1553057729066	Marionette	TRACE	Received observer notification nsPref:changed
1553057729066	Marionette	DEBUG	Init aborted (running=false, enabled=true, finalUIStartup=false)
1553057729143	Marionette	TRACE	Received observer notification toplevel-window-ready
1553057731405	Marionette	TRACE	Received observer notification sessionstore-windows-restored
1553057731406	Marionette	TRACE	Waiting until startup recorder finished recording startup scripts...
1553057731609	Marionette	TRACE	All scripts recorded.
1553057731609	Marionette	DEBUG	Setting recommended pref app.update.disabledForTesting to true
1553057731610	Marionette	DEBUG	Setting recommended pref browser.contentblocking.introCount to 99
1553057731611	Marionette	DEBUG	Setting recommended pref datareporting.policy.dataSubmissionPolicyAccepted to false
1553057731611	Marionette	DEBUG	Setting recommended pref dom.disable_beforeunload to true
1553057731611	Marionette	DEBUG	Setting recommended pref toolkit.cosmeticAnimations.enabled to false
1553057731663	Marionette	INFO	Listening on port 2471
1553057731663	Marionette	DEBUG	Remote service is active
1553057731925	Marionette	DEBUG	Accepted connection 0 from 127.0.0.1:2485
1553057731927	Marionette	DEBUG	0 -> [0,1,"newSession",{"acceptInsecureCerts":true,"browserName":"firefox","capabilities":{"desiredCapabilities":{"acceptInsecureCerts":true,"browserName":"firefox"}}}]
1553057731928	Marionette	DEBUG	0 <- [1,1,{"error":"unknown command","message":"newSession","stacktrace":"WebDriverError@chrome://marionette/content/error.js:179: ... et@chrome://marionette/content/server.js:236:8\n_onJSONObjectReady/<@chrome://marionette/content/transport.js:490:9\n"},null]
Exiting due to channel error.
Exiting due to channel error.
1553058024120	mozrunner::runner	INFO	Running command: "C:\\Program Files\\Mozilla Firefox\\firefox.exe" "-marionette" "-foreground" "-no-remote" "-profile" "C:\\Users\\wyl\\AppData\\Local\\Temp\\rust_mozprofile.TF56RDiVYqmb"
1553058025043	addons.webextension.screenshots@mozilla.org	WARN	Loading extension 'screenshots@mozilla.org': Reading manifest: Invalid host permission: resource://pdf.js/
1553058025043	addons.webextension.screenshots@mozilla.org	WARN	Loading extension 'screenshots@mozilla.org': Reading manifest: Invalid host permission: about:reader*
1553058028120	Marionette	INFO	Listening on port 2786
1553058028512	Marionette	WARN	TLS certificate errors will be ignored for this session
[Parent 12588, Gecko_IOThread] WARNING: pipe error: 109: file z:/build/build/src/ipc/chromium/src/chrome/common/ipc_channel_win.cc, line 332
[Child 10828, Chrome_ChildThread] WARNING: pipe error: 109: file z:/build/build/src/ipc/chromium/src/chrome/common/ipc_channel_win.cc, line 332
[Child 10828, Chrom[Parent 12588, Gecko_IOThread] WARNING: pipe error: 109: file z:/build/build/src/ipc/chromium/src/chrome/common/ipc_channel_win.cc, line 332
1553058089280	Marionette	INFO	Stopped listening on port 2786

###!!! [Child][RunMessage] Error: Channel closing: too late to send/recv, messages will be lost

[GPU 12921553058111492	mozrunner::runner	INFO	Running command: "C:\\Program Files\\Mozilla Firefox\\firefox.exe" "-marionette" "-foreground" "-no-remote" "-profile" "C:\\Users\\wyl\\AppData\\Local\\Temp\\rust_mozprofile.oU7sMf7l3IQV"
1553058112422	addons.webextension.screenshots@mozilla.org	WARN	Loading extension 'screenshots@mozilla.org': Reading manifest: Invalid host permission: resource://pdf.js/
1553058112422	addons.webextension.screenshots@mozilla.org	WARN	Loading extension 'screenshots@mozilla.org': Reading manifest: Invalid host permission: about:reader*
1553058115383	Marionette	INFO	Listening on port 2914
1553058115400	Marionette	WARN	TLS certificate errors will be ignored for this session
JavaScript warning: https://bccto.me/, line 373: unreachable code after return statement
JavaScript warning: https://bccto.me/, line 378: unreachable code after return statement
[Child 3656, Chrome_ChildThread] WARNING: pipe error: 109: file z:/build/build/src/ipc/chromium/src/chrome/common/ipc_channel_win.cc, line 332
[Child 3656, Chrome_ChildThread] WARNING: pipe[Parent 13872, Gecko_IOThread] WARNING: pipe error: 109: file z:/build/build/src/ipc/chromium/src/chrome/common/ipc_channel_win.cc, line 332
[Parent 13872, Gecko_IOThread] WARNING: pipe error: 109: file z:/build/build/src/ipc/chromium/src/chrome/common/ipc_channel_win.cc, line 332
1553058144588	Marionette	INFO	Stopped listening on port 2914
[GPU 1
###!!! [Child][RunMessage] Error: Channel closing: too late to send/recv, messages will be lost

3
###!!! [Child][MessageChannel::SendAndWait] Error: Channel error: cannot send/recv

1553058718607	mozrunner::runner	INFO	Running command: "C:\\Program Files\\Mozilla Firefox\\firefox.exe" "-marionette" "-foreground" "-no-remote" "-profile" "C:\\Users\\wyl\\AppData\\Local\\Temp\\rust_mozprofile.IkSXi0hlYE8B"
1553058719559	addons.webextension.screenshots@mozilla.org	WARN	Loading extension 'screenshots@mozilla.org': Reading manifest: Invalid host permission: resource://pdf.js/
1553058719560	addons.webextension.screenshots@mozilla.org	WARN	Loading extension 'screenshots@mozilla.org': Reading manifest: Invalid host permission: about:reader*
1553058722667	Marionette	INFO	Listening on port 3740
1553058723026	Marionette	WARN	TLS certificate errors will be ignored for this session
[Child 15356, Chrome_ChildThread] WARNING: pipe error: 109: file z:/build/build/src/ipc/chromium/src/chrome/common/ipc_channel_win.cc, line 332
[Child 15356, Chrome_ChildThre[Parent 9112, Gecko_IOThread] WARNING: pipe error: 109: file z:/build/build/src/ipc/chromium/src/chrome/common/ipc_channel_win.cc, line 332
[Child 3184, Chrome_ChildThread] WARNING: pipe error: 109: file z:/build/build/src/ipc/chromium/src/chrome/common/ipc_channel_win.cc, line 332
[Child 3184, Chrome_Chil[Child 11060, Chrome_ChildThread] WARNING: pipe error: 109: file z:/build/build/src/ipc/chromium/src/chrome/common/ipc_channel_win.cc, line 332
[Child 1553058747495	Marionette	INFO	Stopped listening on port 3740
[GPU 9584, Ch
###!!! [Child][RunMessage] Error: Channel closing: too late to send/recv, messages will be lost

rome_C
###!!! [Child][MessageChannel::SendAndWait] Error: Channel error: cannot send/recv

1553058806322	mozrunner::runner	INFO	Running command: "C:\\Program Files\\Mozilla Firefox\\firefox.exe" "-marionette" "-foreground" "-no-remote" "-profile" "C:\\Users\\wyl\\AppData\\Local\\Temp\\rust_mozprofile.tEegMHNUeOXw"
1553058807320	addons.webextension.screenshots@mozilla.org	WARN	Loading extension 'screenshots@mozilla.org': Reading manifest: Invalid host permission: resource://pdf.js/
1553058807320	addons.webextension.screenshots@mozilla.org	WARN	Loading extension 'screenshots@mozilla.org': Reading manifest: Invalid host permission: about:reader*
[Child 14492, Chrome_ChildThread] WARNING: pipe error: 109: file z:/build/build/src/ipc/chromium/src/chrome/common/ipc_channel_win.cc, line 332
[Child 14492, Chrome_1553058810245	Marionette	INFO	Listening on port 3874
1553058810736	Marionette	WARN	TLS certificate errors will be ignored for this session
[Parent 12312, Gecko_IOThread] WARNING: pipe error: 109: file z:/build/build/src/ipc/chromium/src/chrome/common/ipc_channel_win.cc, line 332
[Child 2624, Chrome_ChildThread] WARNING: pipe error: 109: file z:/build/build/src/ipc/chromium/src/chrome/common/ipc_channel_win.cc, line 332
[Child 2624, Chrome_C[Child 12756, Chrome_ChildThread] WARNING: pipe error: 232: file z:/build/build/src/ipc/chromium/src/chrome/common/ipc_channel_win.cc, line 493
[Child 12756, Chrome_ChildThread] WARNING: pipe error: 232: file z:/build/build/src/ipc/chromium/src/chrome/common/ipc_channel_win.cc, line 493
[Child 12756, Chrome_ChildThread] WARNING: pipe error: 232: file z:/build/build/src/ipc/chromium/src/chrome/common/ipc_channel_win.cc, line 493
[Child 12756, Chrome_ChildThread] WARNING: pipe error: 109: file z:/build/build/src/ipc/chromium/src/chrome/common/ipc_channel_win.cc, line 332
[Child 12756, Chrome_ChildThread] WARNING: pipe error: 109: file z:/build/build/src/ipc/chromium/src/chrome/common/ipc_channel
###!!! [Child][RunMessage] Error: Channel closing: too late to send/recv, messages will be lost

_win.cc, 
###!!! [Child][RunMessage] Error: Channel closing: too late to send/recv, messages will be lost

line 332
###!!! [Child][RunMessage] Error: Channel closing: too late to send/recv, messages will be lost



###!!! [Child][RunMessage] Error: Channel closing: too late to send/recv, messages will be lost


###!!! [Child][RunMessage] Error: Channel closing: too late to send/recv, messages will be lost


###!!! [Child][RunMessage] Error: Channel closing: too late to send/recv, messages will be lost


###!!! [Child][RunMessage] Error: Channel closing: too late to send/recv, messages will be lost

[Parent 12312, Gecko_IOThread] WARNING: pipe error: 109: file z:/build/build/src/ipc/chromium/src/chrome/common/ipc_channel_win.cc, line 332
1553058825924	Marionette	INFO	Stopped listening on port 3874

###!!! [Child][RunMessage] Error: Channel closing: too late to send/recv, messages will be lost

[GPU 9021553058955896	geckodriver	INFO	geckodriver 0.19.1
1553058955911	geckodriver	INFO	Listening on 127.0.0.1:4059
1553058958908	mozrunner::runner	INFO	Running command: "C:\\Program Files\\Mozilla Firefox\\firefox.exe" "-marionette" "-profile" "C:\\Users\\wyl\\AppData\\Local\\Temp\\rust_mozprofile.JfztWULC8WoV"
1553058959880	addons.webextension.screenshots@mozilla.org	WARN	Loading extension 'screenshots@mozilla.org': Reading manifest: Invalid host permission: resource://pdf.js/
1553058959880	addons.webextension.screenshots@mozilla.org	WARN	Loading extension 'screenshots@mozilla.org': Reading manifest: Invalid host permission: about:reader*
1553058960015	Marionette	TRACE	Received observer notification profile-after-change
1553058960316	Marionette	TRACE	Received observer notification toplevel-window-ready
1553058960350	Marionette	TRACE	Received observer notification command-line-startup
1553058960351	Marionette	TRACE	Received observer notification nsPref:changed
1553058960351	Marionette	DEBUG	Init aborted (running=false, enabled=true, finalUIStartup=false)
1553058960426	Marionette	TRACE	Received observer notification toplevel-window-ready
1553058962622	Marionette	TRACE	Received observer notification sessionstore-windows-restored
1553058962623	Marionette	TRACE	Waiting until startup recorder finished recording startup scripts...
[Chi1553058962816	Marionette	TRACE	All scripts recorded.
1553058962817	Marionette	DEBUG	Setting recommended pref app.update.disabledForTesting to true
1553058962817	Marionette	DEBUG	Setting recommended pref browser.contentblocking.introCount to 99
1553058962818	Marionette	DEBUG	Setting recommended pref datareporting.policy.dataSubmissionPolicyAccepted to false
1553058962818	Marionette	DEBUG	Setting recommended pref dom.disable_beforeunload to true
1553058962818	Marionette	DEBUG	Setting recommended pref toolkit.cosmeticAnimations.enabled to false
1553058962862	Marionette	INFO	Listening on port 4069
1553058962863	Marionette	DEBUG	Remote service is active
1553058963107	Marionette	DEBUG	Accepted connection 0 from 127.0.0.1:4086
1553058963128	Marionette	DEBUG	0 -> [0,1,"newSession",{"acceptInsecureCerts":true,"browserName":"firefox","capabilities":{"desiredCapabilities":{"acceptInsecureCerts":true,"browserName":"firefox"}}}]
1553058963129	Marionette	DEBUG	0 <- [1,1,{"error":"unknown command","message":"newSession","stacktrace":"WebDriverError@chrome://marionette/content/error.js:179: ... et@chrome://marionette/content/server.js:236:8\n_onJSONObjectReady/<@chrome://marionette/content/transport.js:490:9\n"},null]
Exiting due to channel error.
Exiting due to channel error.
1553059013823	geckodriver	INFO	geckodriver 0.19.1
1553059013839	geckodriver	INFO	Listening on 127.0.0.1:4135
1553059016907	mozrunner::runner	INFO	Running command: "C:\\Program Files\\Mozilla Firefox\\firefox.exe" "-marionette" "-profile" "C:\\Users\\wyl\\AppData\\Local\\Temp\\rust_mozprofile.2Pc8bZZ5C2WN"
1553059017774	addons.webextension.screenshots@mozilla.org	WARN	Loading extension 'screenshots@mozilla.org': Reading manifest: Invalid host permission: resource://pdf.js/
1553059017774	addons.webextension.screenshots@mozilla.org	WARN	Loading extension 'screenshots@mozilla.org': Reading manifest: Invalid host permission: about:reader*
1553059017904	Marionette	TRACE	Received observer notification profile-after-change
1553059018174	Marionette	TRACE	Received observer notification toplevel-window-ready
1553059018223	Marionette	TRACE	Received observer notification command-line-startup
1553059018224	Marionette	TRACE	Received observer notification nsPref:changed
1553059018224	Marionette	DEBUG	Init aborted (running=false, enabled=true, finalUIStartup=false)
1553059018311	Marionette	TRACE	Received observer notification toplevel-window-ready
1553059020307	Marionette	TRACE	Received observer notification sessionstore-windows-restored
1553059020308	Marionette	TRACE	GFX sanity window detected, waiting until it has been closed...
1553059020474	Marionette	TRACE	Received observer notification domwindowclosed
1553059020474	Marionette	TRACE	Waiting until startup recorder finished recording startup scripts...
[Child 13112, Chrome_ChildThread] WARNING: pipe error: 109: file z:/build/build/src/ipc/chromium/src/chrome/common/ipc_channel_win.cc, line 332
[Child 131121553059020650	Marionette	TRACE	All scripts recorded.
1553059020650	Marionette	DEBUG	Setting recommended pref app.update.disabledForTesting to true
1553059020651	Marionette	DEBUG	Setting recommended pref browser.contentblocking.introCount to 99
1553059020651	Marionette	DEBUG	Setting recommended pref datareporting.policy.dataSubmissionPolicyAccepted to false
1553059020652	Marionette	DEBUG	Setting recommended pref dom.disable_beforeunload to true
1553059020652	Marionette	DEBUG	Setting recommended pref toolkit.cosmeticAnimations.enabled to false
1553059020701	Marionette	INFO	Listening on port 4146
1553059020702	Marionette	DEBUG	Remote service is active
1553059021103	Marionette	DEBUG	Accepted connection 0 from 127.0.0.1:4160
1553059021105	Marionette	DEBUG	0 -> [0,1,"newSession",{"acceptInsecureCerts":true,"browserName":"firefox","capabilities":{"desiredCapabilities":{"acceptInsecureCerts":true,"browserName":"firefox"}}}]
1553059021105	Marionette	DEBUG	0 <- [1,1,{"error":"unknown command","message":"newSession","stacktrace":"WebDriverError@chrome://marionette/content/error.js:179: ... et@chrome://marionette/content/server.js:236:8\n_onJSONObjectReady/<@chrome://marionette/content/transport.js:490:9\n"},null]

###!!! [Parent][MessageChannel] Error: (msgtype=0x33000B,name=PCompositorWidget::Msg_UnobserveVsync) Channel error: cannot send/recv

1553059094134	geckodriver	INFO	geckodriver 0.19.1
1553059094150	geckodriver	INFO	Listening on 127.0.0.1:4243
1553059097299	mozrunner::runner	INFO	Running command: "C:\\Program Files\\Mozilla Firefox\\firefox.exe" "-marionette" "-profile" "C:\\Users\\wyl\\AppData\\Local\\Temp\\rust_mozprofile.AEPF4PlJgocC"
1553059098162	addons.webextension.screenshots@mozilla.org	WARN	Loading extension 'screenshots@mozilla.org': Reading manifest: Invalid host permission: resource://pdf.js/
1553059098162	addons.webextension.screenshots@mozilla.org	WARN	Loading extension 'screenshots@mozilla.org': Reading manifest: Invalid host permission: about:reader*
1553059098287	Marionette	TRACE	Received observer notification profile-after-change
1553059098592	Marionette	TRACE	Received observer notification toplevel-window-ready
1553059098631	Marionette	TRACE	Received observer notification command-line-startup
1553059098631	Marionette	TRACE	Received observer notification nsPref:changed
1553059098631	Marionette	DEBUG	Init aborted (running=false, enabled=true, finalUIStartup=false)
1553059098708	Marionette	TRACE	Received observer notification toplevel-window-ready
1553059100686	Marionette	TRACE	Received observer notification sessionstore-windows-restored
1553059100687	Marionette	TRACE	GFX sanity window detected, waiting until it has been closed...
1553059100821	Marionette	TRACE	Received observer notification domwindowclosed
1553059100821	Marionette	TRACE	Waiting until startup recorder finished recording startup scripts...
1553059101026	Marionette	TRACE	All scripts recorded.
1553059101026	Marionette	DEBUG	Setting recommended pref app.update.disabledForTesting to true
1553059101026	Marionette	DEBUG	Setting recommended pref browser.contentblocking.introCount to 99
1553059101027	Marionette	DEBUG	Setting recommended pref datareporting.policy.dataSubmissionPolicyAccepted to false
1553059101027	Marionette	DEBUG	Setting recommended pref dom.disable_beforeunload to true
1553059101027	Marionette	DEBUG	Setting recommended pref toolkit.cosmeticAnimations.enabled to false
1553059101068	Marionette	INFO	Listening on port 4253
1553059101068	Marionette	DEBUG	Remote service is active
1553059101521	Marionette	DEBUG	Accepted connection 0 from 127.0.0.1:4267
1553059101523	Marionette	DEBUG	0 -> [0,1,"newSession",{"acceptInsecureCerts":true,"browserName":"firefox","capabilities":{"desiredCapabilities":{"acceptInsecureCerts":true,"browserName":"firefox"}}}]
1553059101524	Marionette	DEBUG	0 <- [1,1,{"error":"unknown command","message":"newSession","stacktrace":"WebDriverError@chrome://marionette/content/error.js:179: ... et@chrome://marionette/content/server.js:236:8\n_onJSONObjectReady/<@chrome://marionette/content/transport.js:490:9\n"},null]
Exiting due to channel error.
Exiting due to channel error.
1553059230846	mozrunner::runner	INFO	Running command: "C:\\Program Files\\Mozilla Firefox\\firefox.exe" "-marionette" "-foreground" "-no-remote" "-profile" "C:\\Users\\wyl\\AppData\\Local\\Temp\\rust_mozprofile.02eK3VscAmzM"
1553059231952	addons.webextension.screenshots@mozilla.org	WARN	Loading extension 'screenshots@mozilla.org': Reading manifest: Invalid host permission: resource://pdf.js/
1553059231952	addons.webextension.screenshots@mozilla.org	WARN	Loading extension 'screenshots@mozilla.org': Reading manifest: Invalid host permission: about:reader*
1553059234947	Marionette	INFO	Listening on port 4478
1553059235199	Marionette	WARN	TLS certificate errors will be ignored for this session
[Parent 1792, Gecko_IOThread] WARNING: pipe error: 109: file z:/build/build/src/ipc/chromium/src/chrome/common/ipc_channel_win.cc, line 332
[Child 4380, Chrome_ChildThread] WARNING: pipe error: 109: file z:/build/build/src/ipc/chromium/src/chrome/common/ipc_channel_win.cc, line 332
[Child 4380, Chrome_ChildThread] WARNING: [Parent 1792, Gecko_IOThread] WARNING: pipe error: 109: file z:/build/build/src/ipc/chromium/src/chrome/common/ipc_channel_win.cc, line 332
1553059261920	Marionette	INFO	Stopped listening on port 4478
[GP
###!!! [Child][RunMessage] Error: Channel closing: too late to send/recv, messages will be lost

U 
###!!! [Child][MessageChannel::SendAndWait] Error: Channel error: cannot send/recv

1553059334770	mozrunner::runner	INFO	Running command: "C:\\Program Files\\Mozilla Firefox\\firefox.exe" "-marionette" "-foreground" "-no-remote" "-profile" "C:\\Users\\wyl\\AppData\\Local\\Temp\\rust_mozprofile.fmEihIhhNOpU"
1553059335760	addons.webextension.screenshots@mozilla.org	WARN	Loading extension 'screenshots@mozilla.org': Reading manifest: Invalid host permission: resource://pdf.js/
1553059335761	addons.webextension.screenshots@mozilla.org	WARN	Loading extension 'screenshots@mozilla.org': Reading manifest: Invalid host permission: about:reader*
1553059338523	Marionette	INFO	Listening on port 4619
1553059338603	Marionette	WARN	TLS certificate errors will be ignored for this session
[Parent 1268, Gecko_IOThread] WARNING: pipe error: 109: file z:/build/build/src/ipc/chromium/src/chrome/common/ipc_channel_win.cc, line 332
[Child 4624, Chrome_ChildThread] WARNING: pipe error: 109: file z:/build/build/src/ipc/chromium/src/chrome/common/ipc_channel_win.cc, line 332
[Child 4621553059371003	Marionette	INFO	Stopped listening on port 4619
[G
###!!! [Child][RunMessage] Error: Channel closing: too late to send/recv, messages will be lost


###!!! [Child][MessageChannel::SendAndWait] Error: Channel error: cannot send/recv

1553059393267	mozrunner::runner	INFO	Running command: "C:\\Program Files\\Mozilla Firefox\\firefox.exe" "-marionette" "-foreground" "-no-remote" "-profile" "C:\\Users\\wyl\\AppData\\Local\\Temp\\rust_mozprofile.DQ7TXIRn2iSJ"
1553059394182	addons.webextension.screenshots@mozilla.org	WARN	Loading extension 'screenshots@mozilla.org': Reading manifest: Invalid host permission: resource://pdf.js/
1553059394182	addons.webextension.screenshots@mozilla.org	WARN	Loading extension 'screenshots@mozilla.org': Reading manifest: Invalid host permission: about:reader*
1553059397834	Marionette	INFO	Listening on port 4717
1553059398217	Marionette	WARN	TLS certificate errors will be ignored for this session
1553059403336	Marionette	INFO	Stopped listening on port 4717
[Child 9756, Chrome_ChildThread] WARNING: pipe error: 109: file z:/build/build/src/ipc/chromium/src/chrome/common/ipc_channel_win.cc, line 332
[Child 9756, Chrome_ChildThread] WARNING: pipe error: 10[GP
###!!! [Child][MessageChannel::SendAndWait] Error: Channel error: cannot send/recv

1553059408018	mozrunner::runner	INFO	Running command: "C:\\Program Files\\Mozilla Firefox\\firefox.exe" "-marionette" "-foreground" "-no-remote" "-profile" "C:\\Users\\wyl\\AppData\\Local\\Temp\\rust_mozprofile.Jg0uaeO6QaCr"
1553059408910	addons.webextension.screenshots@mozilla.org	WARN	Loading extension 'screenshots@mozilla.org': Reading manifest: Invalid host permission: resource://pdf.js/
1553059408910	addons.webextension.screenshots@mozilla.org	WARN	Loading extension 'screenshots@mozilla.org': Reading manifest: Invalid host permission: about:reader*
[Parent 9112, Gecko_IOThread] WARNING: pipe error: 109: file z:/build/build/src/ipc/chromium/src/chrome/common/ipc_channel_win.cc, line 332
[Child 9284, Chrome_ChildThread] WARNING: pipe error: 109: file z:/build/build/src/ipc/chromium/src/chrome/common/ipc_channel_win.cc, line 332
[Child 9284, 1553059411761	Marionette	INFO	Listening on port 4763
1553059411911	Marionette	WARN	TLS certificate errors will be ignored for this session
1553059417053	Marionette	INFO	Stopped listening on port 4763
[Parent 9112, Gecko_IOThread] WARNING: pipe error: 109: file z:/build/build/src/ipc/chromium/src/chrome/common/ipc_channel_win.cc, line 332

###!!! [Child][RunMessage] Error: Channel closing: too late to send/recv, messages will be lost

[GPU 13408
###!!! [Child][MessageChannel::SendAndWait] Error: Channel error: cannot send/recv

1553059690247	mozrunner::runner	INFO	Running command: "C:\\Program Files\\Mozilla Firefox\\firefox.exe" "-marionette" "-foreground" "-no-remote" "-profile" "C:\\Users\\wyl\\AppData\\Local\\Temp\\rust_mozprofile.8fbOCeisYqoK"
1553059691242	addons.webextension.screenshots@mozilla.org	WARN	Loading extension 'screenshots@mozilla.org': Reading manifest: Invalid host permission: resource://pdf.js/
1553059691242	addons.webextension.screenshots@mozilla.org	WARN	Loading extension 'screenshots@mozilla.org': Reading manifest: Invalid host permission: about:reader*
1553059694180	Marionette	INFO	Listening on port 5084
1553059694576	Marionette	WARN	TLS certificate errors will be ignored for this session
[Child 2116, Chrome_ChildThread] WARNING: pipe error: 109: file z:/build/build/src/ipc/chromium/src/chrome/common/ipc_channel_win.cc, line 332
[Child 2116, Chrome_ChildThread] WARN[Parent 7632, Gecko_IOThread] WARNING: pipe error: 109: file z:/build/build/src/ipc/chromium/src/chrome/common/ipc_channel_win.cc, line 332
[Child 1284, Chrome_ChildThread] WARNING: pipe error: 109: file z:/build/build/src/ipc/chromium/src/chrome/common/ipc_channel_win.cc, line 332
[Child 1284, Chrome1553059701175	Marionette	INFO	Stopped listening on port 5084

###!!! [Child][RunMessage] Error: Channel closing: too late to send/recv, messages will be lost

[GPU 14628, 1553059853675	mozrunner::runner	INFO	Running command: "C:\\Program Files\\Mozilla Firefox\\firefox.exe" "-marionette" "-foreground" "-no-remote" "-profile" "C:\\Users\\wyl\\AppData\\Local\\Temp\\rust_mozprofile.lr6K1dkDQta5"
1553059854710	addons.webextension.screenshots@mozilla.org	WARN	Loading extension 'screenshots@mozilla.org': Reading manifest: Invalid host permission: resource://pdf.js/
1553059854710	addons.webextension.screenshots@mozilla.org	WARN	Loading extension 'screenshots@mozilla.org': Reading manifest: Invalid host permission: about:reader*
[Parent 7040, Gecko_IOThread] WARNING: pipe error: 109: file z:/build/build/src/ipc/chromium/src/chrome/common/ipc_channel_win.cc, line 332
[Child 10336, Chrome_ChildThread] WARNING: pipe error: 109: file z:/build/build/src/ipc/chromium/src/chrome/common/ipc_channel_win.cc, line 332
[Child 103361553059857823	Marionette	INFO	Listening on port 5360
1553059858007	Marionette	WARN	TLS certificate errors will be ignored for this session
JavaScript warning: https://bccto.me/, line 373: unreachable code after return statement
JavaScript warning: https://bccto.me/, line 378: unreachable code after return statement
console.error: BroadcastService: 
  receivedBroadcastMessage: handler for
  remote-settings/monitor_changes
  threw error:
  Message: Error: Polling for changes failed: NetworkError when attempting to fetch resource..
  Stack:
    remoteSettingsFunction/remoteSettings.pollChanges@resource://services-settings/remote-settings.js:188:13

1553060018566	Marionette	INFO	Stopped listening on port 5360
[Parent 7040, Gecko_IOThread] WARNING: pipe error: 109: file z:/build/build/src/ipc/chromium/src/chrome/common/ipc_channel_win.cc, line 332
[Child 14072, Chrome_ChildThread] WARNING: pipe error: 109: file z:/build/build/src/ipc/chromium/src/chrome/common/ipc_channel_win.cc, line 332
[Child 14072, Chrome_ChildThread] WARNING: pipe error: 109: file z:/build/build/src/ipc/chromium/src/chrome/common/ipc_channel_win.cc, line 332
[Parent 7040, Gecko_IOThread] WARNING: pipe error: 109: file z:/build/build/src/ipc/chromium/src/chrome/common/ipc_channel_win.cc, line 332
[Child 3196, Chrome_ChildThread] WARNING: pipe error: 109: file z:/build/build/src/ipc/chromium/src/chrome/common/ipc_channel_win.cc, line 332
[Child 3[Parent 7040, Gecko_IOThread] WARNING: pipe error: 109: file z:/build/build/src/ipc/chromium/src/chrome/common/ipc_channel_win.cc, line 332

###!!! [Child][RunMessage] Error: Channel closing: too late to send/recv, messages will be lost

[GPU 
###!!! [Child][MessageChannel::SendAndWait] Error: Channel error: cannot send/recv

1553060023205	mozrunner::runner	INFO	Running command: "C:\\Program Files\\Mozilla Firefox\\firefox.exe" "-marionette" "-foreground" "-no-remote" "-profile" "C:\\Users\\wyl\\AppData\\Local\\Temp\\rust_mozprofile.z1t3zGXV3cWY"
1553060024413	addons.webextension.screenshots@mozilla.org	WARN	Loading extension 'screenshots@mozilla.org': Reading manifest: Invalid host permission: resource://pdf.js/
1553060024414	addons.webextension.screenshots@mozilla.org	WARN	Loading extension 'screenshots@mozilla.org': Reading manifest: Invalid host permission: about:reader*
[Child 11740, Chrome_ChildThread] WARNING: pipe error: 109: file z:/build/build/src/ipc/chromium/src/chrome/common/ipc_channel_win.cc, line 332
[Child 11740, 1553060027732	Marionette	INFO	Listening on port 5695
1553060027781	Marionette	WARN	TLS certificate errors will be ignored for this session
[Child 9328, Chrome_ChildThread] WARNING: pipe error: 232: file z:/build/build/src/ipc/chromium/src/chrome/common/ipc_channel_win.cc, line 493

###!!! [Child][RunMessage] Error: Channel error: cannot send/recv


###!!! [Child][RunMessage] Error: Channel error: cannot send/recv

[Child 9328, Chrome_ChildThread] WARNING: pipe error: 109: file z:/
###!!! [Child][RunMessage] Error: Channel error: cannot send/recv

build/build/src/ipc/chromium/src/chrome/common/ipc_channel_win.cc, line 332
1553060039706	Marionette	INFO	Stopped listening on port 5695

###!!! [Child][RunMessage] Error: Channel closing: too late to send/recv, messages will be lost


###!!! [Child][MessageChannel::SendAndWait] Error: Channel error: cannot send/recv

1553060111445	mozrunner::runner	INFO	Running command: "C:\\Program Files\\Mozilla Firefox\\firefox.exe" "-marionette" "-foreground" "-no-remote" "-profile" "C:\\Users\\wyl\\AppData\\Local\\Temp\\rust_mozprofile.f2ALIFenFa1W"
1553060112369	addons.webextension.screenshots@mozilla.org	WARN	Loading extension 'screenshots@mozilla.org': Reading manifest: Invalid host permission: resource://pdf.js/
1553060112369	addons.webextension.screenshots@mozilla.org	WARN	Loading extension 'screenshots@mozilla.org': Reading manifest: Invalid host permission: about:reader*
[GFX1-]: ClientLayerManager::BeginTransaction with IPC channel down. GPU process may have died.
1553060115499	Marionette	INFO	Listening on port 5863
1553060115835	Marionette	WARN	TLS certificate errors will be ignored for this session
JavaScript warning: https://bccto.me/, line 373: unreachable code after return statement
JavaScript warning: https://bccto.me/, line 378: unreachable code after return statement
[Parent 5940, Gecko_IOThread] WARNING: pipe error: 109: file z:/build/build/src/ipc/chromium/src/chrome/common/ipc_channel_win.cc, line 332
[Child 8592, Chrome_ChildThread] WARNING: pipe error: 109: file z:/build/build/src/ipc/chromium/src/chrome/common/ipc_channel_win.cc, line 332

###!!! [Child][MessageChannel] Error: (msgtype=0x520011,name=PHttpChannel::Msg___delete__) Channel closing: too late to send/recv, messages will be lost


###!!! [Child][MessageChannel] Error: (msgtype=0x5F0029,name=PNecko::Msg_RemoveRequestContext) Channel closing: too late to send/recv, messages will be lost


###!!! [Child][RunMessage] Error: Channel closing: too late to send/recv, messages will be lost

[Child 8592, Chrome_ChildThread] WARNING: pipe error: 109: file z:/build/build/src[Child 13292, Chrome_ChildThread] WARNING: pipe error: 109: file z:/build/build/src/ipc/chromium/src/chrome/common/ipc_channel_win.cc, line 332
[Child 131553060225494	Marionette	INFO	Stopped listening on port 5863
[GP
###!!! [Child][RunMessage] Error: Channel closing: too late to send/recv, messages will be lost


###!!! [Child][MessageChannel::SendAndWait] Error: Channel error: cannot send/recv

1553060241759	mozrunner::runner	INFO	Running command: "C:\\Program Files\\Mozilla Firefox\\firefox.exe" "-marionette" "-foreground" "-no-remote" "-profile" "C:\\Users\\wyl\\AppData\\Local\\Temp\\rust_mozprofile.AsdIwtTG1lOM"
1553060242863	addons.webextension.screenshots@mozilla.org	WARN	Loading extension 'screenshots@mozilla.org': Reading manifest: Invalid host permission: resource://pdf.js/
1553060242863	addons.webextension.screenshots@mozilla.org	WARN	Loading extension 'screenshots@mozilla.org': Reading manifest: Invalid host permission: about:reader*
[Child 2836, Chrome_ChildThread] WARNING: pipe error: 109: file z:/build/build/src/ipc/chromium/src/chrome/common/ipc_channel_win.cc, line 332
[Child 2836, Chrome_ChildThread] WARNING: pipe error: 11553060246295	Marionette	INFO	Listening on port 6130
1553060246737	Marionette	WARN	TLS certificate errors will be ignored for this session
JavaScript warning: https://bccto.me/, line 373: unreachable code after return statement
JavaScript warning: https://bccto.me/, line 378: unreachable code after return statement
[Parent 14832, Gecko_IOThread] WARNING: pipe error: 109: file z:/build/build/src/ipc/chromium/src/chrome/common/ipc_channel_win.cc, line 332
[Child 11924
###!!! [Child][RunMessage] Error: Channel closing: too late to send/recv, messages will be lost

, Chrome_ChildThread] WARNING: pipe error
###!!! [Child][RunMessage] Error: Channel closing: too late to send/recv, messages will be lost

: 109: file z:/build/build/src/ipc/chromium/src/chrome/common/ipc_chan
###!!! [Child][RunMessage] Error: Channel closing: too late to send/recv, messages will be lost

nel_win.cc, line 332
[Child 11924, Chrome_ChildThread] WARNING: pip[Parent 14832, Gecko_IOThread] WARNING: pipe error: 109: file z:/build/build/src/ipc/chromium/src/chrome/common/ipc_channel_win.cc, line 332
[Child 1692, Chrome_ChildThread] WARNING: pipe error: 109: file z:/build/build/src/ipc/chromium/src/chrome/common/ipc_channel_win.cc, line 332
[Child 161553060306488	Marionette	INFO	Stopped listening on port 6130
[GPU 153
###!!! [Child][RunMessage] Error: Channel closing: too late to send/recv, messages will be lost

1553060395032	mozrunner::runner	INFO	Running command: "C:\\Program Files\\Mozilla Firefox\\firefox.exe" "-marionette" "-foreground" "-no-remote" "-profile" "C:\\Users\\wyl\\AppData\\Local\\Temp\\rust_mozprofile.B76LkzzxH5Ce"
1553060396106	addons.webextension.screenshots@mozilla.org	WARN	Loading extension 'screenshots@mozilla.org': Reading manifest: Invalid host permission: resource://pdf.js/
1553060396107	addons.webextension.screenshots@mozilla.org	WARN	Loading extension 'screenshots@mozilla.org': Reading manifest: Invalid host permission: about:reader*
[Parent 11896, Gecko_IOThread] WARNING: pipe error: 109: file z:/build/build/src/ipc/chromium/src/chrome/common/ipc_channel_win.cc, line 332
[Child 7660, Chrome_ChildThread] WARNING: pipe error: 109: file z:/build/build/src/ipc/chromium/src/chrome/common/ipc_channel_win.cc, line 332
1553060399515	Marionette	INFO	Listening on port 6438
1553060399586	Marionette	WARN	TLS certificate errors will be ignored for this session
JavaScript warning: https://bccto.me/, line 373: unreachable code after return statement
JavaScript warning: https://bccto.me/, line 378: unreachable code after return statement
console.error: BroadcastService: 
  receivedBroadcastMessage: handler for
  remote-settings/monitor_changes
  threw error:
  Message: Error: Polling for changes failed: NetworkError when attempting to fetch resource..
  Stack:
    remoteSettingsFunction/remoteSettings.pollChanges@resource://services-settings/remote-settings.js:188:13

[Parent 11896, Gecko_IOThread] WARNING: pipe error: 109: file z:/build/build/src/ipc/chromium/src/chrome/common/ipc_channel_win.cc, line 332
[Parent 11896, Gecko_IOThread] WARNING: pipe error: 109: file z:/build/build/src/ipc/chromium/src/chrome/common/ipc_channel_win.cc, line 332
[Parent 11896, Gecko_IOThread] WARNING: pipe error: 109: file z:/build/build/src/ipc/chromium/src/chrome/common/ipc_channel_win.cc, line 332
1553060685445	Marionette	INFO	Stopped listening on port 6438

###!!! [Child][RunMessage] Error: Channel closing: too late to send/recv, messages will be lost

[1553060707236	mozrunner::runner	INFO	Running command: "C:\\Program Files\\Mozilla Firefox\\firefox.exe" "-marionette" "-foreground" "-no-remote" "-profile" "C:\\Users\\wyl\\AppData\\Local\\Temp\\rust_mozprofile.35JOnwZumGdb"
1553060708169	addons.webextension.screenshots@mozilla.org	WARN	Loading extension 'screenshots@mozilla.org': Reading manifest: Invalid host permission: resource://pdf.js/
1553060708169	addons.webextension.screenshots@mozilla.org	WARN	Loading extension 'screenshots@mozilla.org': Reading manifest: Invalid host permission: about:reader*
1553060711052	Marionette	INFO	Listening on port 6851
1553060711162	Marionette	WARN	TLS certificate errors will be ignored for this session
[Child 7984, Chrome_ChildThread] WARNING: pipe error: 109: file z:/build/build/src/ipc/chromium/src/chrome/common/ipc_channel_win.cc, line 332
[Child 7984, Chrome_ChildThread] WARNING: pi[Parent 7680, Gecko_IOThread] WARNING: pipe error: 109: file z:/build/build/src/ipc/chromium/src/chrome/common/ipc_channel_win.cc, line 332
[Child 3840, Chrome_ChildThread] WARNING: pipe error: 109: file z:/build/build/src/ipc/chromium/src/chrome/common/ipc_channel_win.cc, line 332
[Child 1553060734882	Marionette	INFO	Stopped listening on port 6851

###!!! [Child][RunMessage] Error: Channel closing: too late to send/recv, messages will be lost

[GPU 11553060761486	mozrunner::runner	INFO	Running command: "C:\\Program Files\\Mozilla Firefox\\firefox.exe" "-marionette" "-foreground" "-no-remote" "-profile" "C:\\Users\\wyl\\AppData\\Local\\Temp\\rust_mozprofile.kA3x93Y3723U"
1553060762557	addons.webextension.screenshots@mozilla.org	WARN	Loading extension 'screenshots@mozilla.org': Reading manifest: Invalid host permission: resource://pdf.js/
1553060762557	addons.webextension.screenshots@mozilla.org	WARN	Loading extension 'screenshots@mozilla.org': Reading manifest: Invalid host permission: about:reader*
[Child 14940, Chrome_ChildThread] WARNING: pipe error: 109: file z:/build/build/src/ipc/chromium/src/chrome/common/ipc_channel_win.cc, line 332
[Child 149401553060765534	Marionette	INFO	Listening on port 6952
1553060765891	Marionette	WARN	TLS certificate errors will be ignored for this session
JavaScript warning: https://bccto.me/, line 373: unreachable code after return statement
JavaScript warning: https://bccto.me/, line 378: unreachable code after return statement
console.error: BroadcastService: 
  receivedBroadcastMessage: handler for
  remote-settings/monitor_changes
  threw error:
  Message: Error: Polling for changes failed: NetworkError when attempting to fetch resource..
  Stack:
    remoteSettingsFunction/remoteSettings.pollChanges@resource://services-settings/remote-settings.js:188:13

[Child 11404, Chrome_ChildThread] WARNING: pipe error: 109: file z:/build/build/src/ipc/chromium/src/chrome/common/ipc_channel_win.cc, line 332
[Child 11404, Chrome_ChildThread] WARNING: pipe error: 109: file z:/build/build/src/ipc/chromium/src/chrome/common/ipc_channel_win
###!!! [Child][RunMessage] Error: Channel closing: too late to send/recv, messages will be lost


###!!! [Child][RunMessage] Error: Channel closing: too late to send/recv, messages will be lost

[Parent 13400, Gecko_IOThread] WARNING: pipe error: 109: file z:/build/build/src/ipc/chromium/src/chrome/common/ipc_channel_win.cc, line 332
[Child 10864, Chrome_ChildThread] WARNING: pipe error: 109: file z:/build/build/src/ipc/chromium/src/chrome/common/ipc_channel_win.cc, line 332
[Child 108641553061085202	Marionette	INFO	Stopped listening on port 6952
[GP
###!!! [Child][RunMessage] Error: Channel closing: too late to send/recv, messages will be lost

U 94
###!!! [Child][MessageChannel::SendAndWait] Error: Channel error: cannot send/recv

1553061101922	mozrunner::runner	INFO	Running command: "C:\\Program Files\\Mozilla Firefox\\firefox.exe" "-marionette" "-foreground" "-no-remote" "-profile" "C:\\Users\\wyl\\AppData\\Local\\Temp\\rust_mozprofile.7F87XrbsWOhO"
1553061102832	addons.webextension.screenshots@mozilla.org	WARN	Loading extension 'screenshots@mozilla.org': Reading manifest: Invalid host permission: resource://pdf.js/
1553061102832	addons.webextension.screenshots@mozilla.org	WARN	Loading extension 'screenshots@mozilla.org': Reading manifest: Invalid host permission: about:reader*
1553061106023	Marionette	INFO	Listening on port 7376
1553061106316	Marionette	WARN	TLS certificate errors will be ignored for this session
JavaScript warning: https://bccto.me/, line 373: unreachable code after return statement
JavaScript warning: https://bccto.me/, line 378: unreachable code after return statement
[Parent 6724, Gecko_IOThread] WARNING: pipe error: 109: file z:/build/build/src/ipc/chromium/src/chrome/common/ipc_channel_win.cc, line 332
[Parent 6724, Gecko_IOThread] WARNING: pipe error: 109: file z:/build/build/src/ipc/chromium/src/chrome/common/ipc_channel_win.cc, line 332
[Child 6412, Chrome_ChildThread] WARNING: pipe error: 109: file z:/build/build/src/ipc/chromium/src/chrome/common/ipc_channel_win.cc, line 332
[Child 6412, Chrome_ChildThread] WA[Parent 6724, Gecko_IOThread] WARNING: pipe error: 109: file z:/build/build/src/ipc/chromium/src/chrome/common/ipc_channel_win.cc, line 332
1553061149803	Marionette	INFO	Stopped listening on port 7376

###!!! [Child][RunMessage] Error: Channel closing: too late to send/recv, messages will be lost

[GPU 14784, Chrom
###!!! [Child][MessageChannel::SendAndWait] Error: Channel error: cannot send/recv

1553061203663	mozrunner::runner	INFO	Running command: "C:\\Program Files\\Mozilla Firefox\\firefox.exe" "-marionette" "-foreground" "-no-remote" "-profile" "C:\\Users\\wyl\\AppData\\Local\\Temp\\rust_mozprofile.gcB6CqOM6i6c"
1553061204605	addons.webextension.screenshots@mozilla.org	WARN	Loading extension 'screenshots@mozilla.org': Reading manifest: Invalid host permission: resource://pdf.js/
1553061204605	addons.webextension.screenshots@mozilla.org	WARN	Loading extension 'screenshots@mozilla.org': Reading manifest: Invalid host permission: about:reader*
[Child 3144, Chrome_ChildThread] WARNING: pipe error: 109: file z:/build/build/src/ipc/chromium/src/chrome/common/ipc_channel_win.cc, line 332
[Child 3144,[Parent 5612, Gecko_IOThread] WARNING: file z:/build/build/src/ipc/chromium/src/base/process_util_win.cc, line 166
1553061207636	Marionette	INFO	Listening on port 7557
1553061208014	Marionette	WARN	TLS certificate errors will be ignored for this session
JavaScript warning: https://bccto.me/, line 373: unreachable code after return statement
JavaScript warning: https://bccto.me/, line 378: unreachable code after return statement
[Child 12164, Chrome_ChildThread] WARNING: pipe error: 109: file z:/build/build/src/ipc/chromium/src/chrome/commo[Pan/iprent 5612c, Gecko_IOThread] W_channel_wiARNING: pipn.cc, linee error: 109: file z:/build/build/src/ipc/chromium/src/chrom 332e/commo
n/ipc_channel_[Child 12164, Chrome_ChildThread] WARNING: pipe error: 109: file z:/bwin.cc, uild/build/linsrc/ipc/chromium/src/e 332
chrome/common/ipc_channel_win.cc, line 332
[Child 12396, Chrome_ChildThread] WARNING: pipe error: 109: file z:/build/build/src/ipc/c
###!!! [Child][RunMessage] Error: Channel closing: too late to send/recv, messages will be lost

hromium/src/chrome/common/ipc_channel_win.cc, line 332
[Child 12396, Chrome_ChildThread][Parent 5612, Gecko_IOThread] WARNING: pipe error: 109: file z:/build/build/src/ipc/chromium/src/chrome/common/ipc_channel_win.cc, line 332
1553061403076	Marionette	INFO	Stopped listening on port 7557

###!!! [Child][RunMessage] Error: Channel closing: too late to send/recv, messages will be lost

[GPU 14
###!!! [Child][MessageChannel::SendAndWait] Error: Channel error: cannot send/recv

1553061420135	mozrunner::runner	INFO	Running command: "C:\\Program Files\\Mozilla Firefox\\firefox.exe" "-marionette" "-foreground" "-no-remote" "-profile" "C:\\Users\\wyl\\AppData\\Local\\Temp\\rust_mozprofile.F4lpKxRRIRiU"
1553061421070	addons.webextension.screenshots@mozilla.org	WARN	Loading extension 'screenshots@mozilla.org': Reading manifest: Invalid host permission: resource://pdf.js/
1553061421071	addons.webextension.screenshots@mozilla.org	WARN	Loading extension 'screenshots@mozilla.org': Reading manifest: Invalid host permission: about:reader*
1553061424304	Marionette	INFO	Listening on port 7837
1553061424523	Marionette	WARN	TLS certificate errors will be ignored for this session
JavaScript warning: https://bccto.me/, line 373: unreachable code after return statement
JavaScript warning: https://bccto.me/, line 378: unreachable code after return statement
console.error: BroadcastService: 
  receivedBroadcastMessage: handler for
  remote-settings/monitor_changes
  threw error:
  Message: Error: Polling for changes failed: NetworkError when attempting to fetch resource..
  Stack:
    remoteSettingsFunction/remoteSettings.pollChanges@resource://services-settings/remote-settings.js:188:13

[Parent 8796, Gecko_IOThread] WARNING: pipe error: 109: file z:/build/build/src/ipc/chromium/src/chrome/common/ipc_channel_win.cc, line 332
[Child 5596, Chrome_ChildThread] WARNING: pipe error: 109: file z:/build/build/src/ipc/chromium/src/chrome/common/ipc_channel_win.cc, line 332
[Child 5596, Chrome_ChildThread] WARNING: pipe error: 109: file z:/build/build/src/ipc/chromium/src/chrome/common/ipc_channel_win.cc, line 332
[Child 2952, Chrome_ChildThread] WARNING: pipe error: 109: file z:/build/build/src/ipc/chromium/src/chrome/common/ipc_channel_win.cc, line 332
[Child 2952, Chrome_ChildThread] WARNING: pipe error: 109: file z:/build/build/src/ipc/chromium/src/chrome/common/ipc_channel_win.cc, line 332
1553061863982	Marionette	INFO	Stopped listening on port 7837
[GPU 590
###!!! [Child][MessageChannel::SendAndWait] Error: Channel error: cannot send/recv

